The following modules were not unloaded:
  (Use "module --force purge" to unload all):

  1) apps/2021
Requirement already satisfied: librosa in /home/y222/y222732/.local/lib/python3.11/site-packages (0.11.0)
Requirement already satisfied: tqdm in /home/y222/y222732/.local/lib/python3.11/site-packages (4.67.3)
Requirement already satisfied: soundfile in /home/y222/y222732/.local/lib/python3.11/site-packages (0.13.1)
Collecting papermill
  Downloading papermill-2.7.0-py3-none-any.whl.metadata (13 kB)
Requirement already satisfied: audioread>=2.1.9 in /home/y222/y222732/.local/lib/python3.11/site-packages (from librosa) (3.1.0)
Requirement already satisfied: numba>=0.51.0 in /home/y222/y222732/.local/lib/python3.11/site-packages (from librosa) (0.65.1)
Requirement already satisfied: numpy>=1.22.3 in /media/apps/avx512-2021/software/SciPy-bundle/2023.07-gfbf-2023a/lib/python3.11/site-packages (from librosa) (1.25.1)
Requirement already satisfied: scipy>=1.6.0 in /media/apps/avx512-2021/software/SciPy-bundle/2023.07-gfbf-2023a/lib/python3.11/site-packages (from librosa) (1.11.1)
Requirement already satisfied: scikit-learn>=1.1.0 in /media/apps/avx512-2021/software/scikit-learn/1.4.2-gfbf-2023a/lib/python3.11/site-packages (from librosa) (1.4.2)
Requirement already satisfied: joblib>=1.0 in /media/apps/avx512-2021/software/Python-bundle-PyPI/2023.06-GCCcore-12.3.0/lib/python3.11/site-packages (from librosa) (1.2.0)
Requirement already satisfied: decorator>=4.3.0 in /media/apps/avx512-2021/software/Python-bundle-PyPI/2023.06-GCCcore-12.3.0/lib/python3.11/site-packages (from librosa) (5.1.1)
Requirement already satisfied: pooch>=1.1 in /media/apps/avx512-2021/software/Python-bundle-PyPI/2023.06-GCCcore-12.3.0/lib/python3.11/site-packages (from librosa) (1.7.0)
Requirement already satisfied: soxr>=0.3.2 in /home/y222/y222732/.local/lib/python3.11/site-packages (from librosa) (1.1.0)
Requirement already satisfied: typing_extensions>=4.1.1 in /media/apps/avx512-2021/software/hatchling/1.18.0-GCCcore-12.3.0/lib/python3.11/site-packages (from librosa) (4.6.3)
Requirement already satisfied: lazy_loader>=0.1 in /home/y222/y222732/.local/lib/python3.11/site-packages (from librosa) (0.5)
Requirement already satisfied: msgpack>=1.0 in /media/apps/avx512-2021/software/Python-bundle-PyPI/2023.06-GCCcore-12.3.0/lib/python3.11/site-packages (from librosa) (1.0.5)
Requirement already satisfied: cffi>=1.0 in /media/apps/avx512-2021/software/Python-bundle-PyPI/2023.06-GCCcore-12.3.0/lib/python3.11/site-packages (from soundfile) (1.15.1)
Requirement already satisfied: click in /media/apps/avx512-2021/software/Python-bundle-PyPI/2023.06-GCCcore-12.3.0/lib/python3.11/site-packages (from papermill) (8.1.3)
Collecting entrypoints (from papermill)
  Downloading entrypoints-0.4-py3-none-any.whl.metadata (2.6 kB)
Requirement already satisfied: nbclient>=0.2 in /media/apps/avx512-2021/software/jupyter-server/2.7.2-GCCcore-12.3.0/lib/python3.11/site-packages (from papermill) (0.8.0)
Requirement already satisfied: nbformat>=5.2 in /media/apps/avx512-2021/software/jupyter-server/2.7.2-GCCcore-12.3.0/lib/python3.11/site-packages (from papermill) (5.9.2)
Requirement already satisfied: pyyaml in /media/apps/avx512-2021/software/PyYAML/6.0-GCCcore-12.3.0/lib/python3.11/site-packages (from papermill) (6.0)
Requirement already satisfied: requests in /media/apps/avx512-2021/software/Python-bundle-PyPI/2023.06-GCCcore-12.3.0/lib/python3.11/site-packages (from papermill) (2.31.0)
Collecting tenacity>=5.0.2 (from papermill)
  Downloading tenacity-9.1.4-py3-none-any.whl.metadata (1.2 kB)
Requirement already satisfied: pycparser in /media/apps/avx512-2021/software/Python-bundle-PyPI/2023.06-GCCcore-12.3.0/lib/python3.11/site-packages (from cffi>=1.0->soundfile) (2.21)
Requirement already satisfied: packaging in /media/apps/avx512-2021/software/hatchling/1.18.0-GCCcore-12.3.0/lib/python3.11/site-packages (from lazy_loader>=0.1->librosa) (23.1)
Requirement already satisfied: jupyter-client>=6.1.12 in /media/apps/avx512-2021/software/jupyter-server/2.7.2-GCCcore-12.3.0/lib/python3.11/site-packages (from nbclient>=0.2->papermill) (8.3.0)
Requirement already satisfied: jupyter-core!=5.0.*,>=4.12 in /media/apps/avx512-2021/software/jupyter-server/2.7.2-GCCcore-12.3.0/lib/python3.11/site-packages (from nbclient>=0.2->papermill) (5.3.1)
Requirement already satisfied: traitlets>=5.4 in /media/apps/avx512-2021/software/IPython/8.14.0-GCCcore-12.3.0/lib/python3.11/site-packages (from nbclient>=0.2->papermill) (5.9.0)
Requirement already satisfied: fastjsonschema in /media/apps/avx512-2021/software/jupyter-server/2.7.2-GCCcore-12.3.0/lib/python3.11/site-packages (from nbformat>=5.2->papermill) (2.18.0)
Requirement already satisfied: jsonschema>=2.6 in /media/apps/avx512-2021/software/jupyter-server/2.7.2-GCCcore-12.3.0/lib/python3.11/site-packages (from nbformat>=5.2->papermill) (4.18.0)
Requirement already satisfied: llvmlite<0.48,>=0.47.0dev0 in /home/y222/y222732/.local/lib/python3.11/site-packages (from numba>=0.51.0->librosa) (0.47.0)
Requirement already satisfied: platformdirs>=2.5.0 in /media/apps/avx512-2021/software/Python-bundle-PyPI/2023.06-GCCcore-12.3.0/lib/python3.11/site-packages (from pooch>=1.1->librosa) (3.8.0)
Requirement already satisfied: charset-normalizer<4,>=2 in /media/apps/avx512-2021/software/Python-bundle-PyPI/2023.06-GCCcore-12.3.0/lib/python3.11/site-packages (from requests->papermill) (3.1.0)
Requirement already satisfied: idna<4,>=2.5 in /media/apps/avx512-2021/software/Python-bundle-PyPI/2023.06-GCCcore-12.3.0/lib/python3.11/site-packages (from requests->papermill) (3.4)
Requirement already satisfied: urllib3<3,>=1.21.1 in /media/apps/avx512-2021/software/Python-bundle-PyPI/2023.06-GCCcore-12.3.0/lib/python3.11/site-packages (from requests->papermill) (1.26.16)
Requirement already satisfied: certifi>=2017.4.17 in /media/apps/avx512-2021/software/Python-bundle-PyPI/2023.06-GCCcore-12.3.0/lib/python3.11/site-packages (from requests->papermill) (2023.5.7)
Requirement already satisfied: threadpoolctl>=2.0.0 in /media/apps/avx512-2021/software/Python-bundle-PyPI/2023.06-GCCcore-12.3.0/lib/python3.11/site-packages (from scikit-learn>=1.1.0->librosa) (3.1.0)
Requirement already satisfied: attrs>=22.2.0 in /media/apps/avx512-2021/software/Python-bundle-PyPI/2023.06-GCCcore-12.3.0/lib/python3.11/site-packages (from jsonschema>=2.6->nbformat>=5.2->papermill) (23.1.0)
Requirement already satisfied: jsonschema-specifications>=2023.03.6 in /media/apps/avx512-2021/software/jupyter-server/2.7.2-GCCcore-12.3.0/lib/python3.11/site-packages (from jsonschema>=2.6->nbformat>=5.2->papermill) (2023.7.1)
Requirement already satisfied: referencing>=0.28.4 in /media/apps/avx512-2021/software/jupyter-server/2.7.2-GCCcore-12.3.0/lib/python3.11/site-packages (from jsonschema>=2.6->nbformat>=5.2->papermill) (0.30.2)
Requirement already satisfied: rpds-py>=0.7.1 in /media/apps/avx512-2021/software/jupyter-server/2.7.2-GCCcore-12.3.0/lib/python3.11/site-packages (from jsonschema>=2.6->nbformat>=5.2->papermill) (0.9.2)
Requirement already satisfied: python-dateutil>=2.8.2 in /media/apps/avx512-2021/software/Python-bundle-PyPI/2023.06-GCCcore-12.3.0/lib/python3.11/site-packages (from jupyter-client>=6.1.12->nbclient>=0.2->papermill) (2.8.2)
Requirement already satisfied: pyzmq>=23.0 in /media/apps/avx512-2021/software/PyZMQ/25.1.1-GCCcore-12.3.0/lib/python3.11/site-packages (from jupyter-client>=6.1.12->nbclient>=0.2->papermill) (25.1.1)
Requirement already satisfied: tornado>=6.2 in /media/apps/avx512-2021/software/tornado/6.3.2-GCCcore-12.3.0/lib/python3.11/site-packages (from jupyter-client>=6.1.12->nbclient>=0.2->papermill) (6.3.2)
Requirement already satisfied: six>=1.5 in /media/apps/avx512-2021/software/Python-bundle-PyPI/2023.06-GCCcore-12.3.0/lib/python3.11/site-packages (from python-dateutil>=2.8.2->jupyter-client>=6.1.12->nbclient>=0.2->papermill) (1.16.0)
Downloading papermill-2.7.0-py3-none-any.whl (88 kB)
   ━━━━━━━━━━━━━━━━━━━━━━━━━━━━━━━━━━━━━━━━ 88.9/88.9 kB 2.5 MB/s eta 0:00:00
Downloading tenacity-9.1.4-py3-none-any.whl (28 kB)
Downloading entrypoints-0.4-py3-none-any.whl (5.3 kB)
Installing collected packages: tenacity, entrypoints, papermill
Successfully installed entrypoints-0.4 papermill-2.7.0 tenacity-9.1.4

[notice] A new release of pip is available: 24.0 -> 26.1.1
[notice] To update, run: pip install --upgrade pip
Error while loading conda entry point: anaconda-auth (cannot import name 'Sentinel' from 'typing_extensions' (/media/apps/avx512-2021/software/hatchling/1.18.0-GCCcore-12.3.0/lib/python3.11/site-packages/typing_extensions.py))
Error while loading conda entry point: conda-anaconda-tos (cannot import name 'Sentinel' from 'typing_extensions' (/media/apps/avx512-2021/software/hatchling/1.18.0-GCCcore-12.3.0/lib/python3.11/site-packages/typing_extensions.py))
--------------------------------------------------------
 Lanzando entrenamiento de src/experiments/tcn_parkinson.ipynb
 Resultados se guardarán en: src/experiments/results/tcn_parkinson_20260509_202841
--------------------------------------------------------
Traceback (most recent call last):
  File "/home/y222/y222732/conda/envs/framework/lib/python3.9/runpy.py", line 188, in _run_module_as_main
    mod_name, mod_spec, code = _get_module_details(mod_name, _Error)
  File "/home/y222/y222732/conda/envs/framework/lib/python3.9/runpy.py", line 147, in _get_module_details
    return _get_module_details(pkg_main_name, error)
  File "/home/y222/y222732/conda/envs/framework/lib/python3.9/runpy.py", line 111, in _get_module_details
    __import__(pkg_name)
  File "/home/y222/y222732/.local/lib/python3.11/site-packages/papermill/__init__.py", line 2, in <module>
    from .execute import execute_notebook  # noqa: F401
  File "/home/y222/y222732/.local/lib/python3.11/site-packages/papermill/execute.py", line 3, in <module>
    import nbformat
  File "/media/apps/avx512-2021/software/jupyter-server/2.7.2-GCCcore-12.3.0/lib/python3.11/site-packages/nbformat/__init__.py", line 11, in <module>
    from . import v1, v2, v3, v4
  File "/media/apps/avx512-2021/software/jupyter-server/2.7.2-GCCcore-12.3.0/lib/python3.11/site-packages/nbformat/v4/__init__.py", line 23, in <module>
    from .convert import downgrade, upgrade
  File "/media/apps/avx512-2021/software/jupyter-server/2.7.2-GCCcore-12.3.0/lib/python3.11/site-packages/nbformat/v4/convert.py", line 11, in <module>
    from nbformat import v3, validator
  File "/media/apps/avx512-2021/software/jupyter-server/2.7.2-GCCcore-12.3.0/lib/python3.11/site-packages/nbformat/validator.py", line 16, in <module>
    from .json_compat import ValidationError, _validator_for_name, get_current_validator
  File "/media/apps/avx512-2021/software/jupyter-server/2.7.2-GCCcore-12.3.0/lib/python3.11/site-packages/nbformat/json_compat.py", line 11, in <module>
    import jsonschema
  File "/media/apps/avx512-2021/software/jupyter-server/2.7.2-GCCcore-12.3.0/lib/python3.11/site-packages/jsonschema/__init__.py", line 13, in <module>
    from jsonschema._format import FormatChecker
  File "/media/apps/avx512-2021/software/jupyter-server/2.7.2-GCCcore-12.3.0/lib/python3.11/site-packages/jsonschema/_format.py", line 11, in <module>
    from jsonschema.exceptions import FormatError
  File "/media/apps/avx512-2021/software/jupyter-server/2.7.2-GCCcore-12.3.0/lib/python3.11/site-packages/jsonschema/exceptions.py", line 14, in <module>
    from referencing.exceptions import Unresolvable as _Unresolvable
  File "/media/apps/avx512-2021/software/jupyter-server/2.7.2-GCCcore-12.3.0/lib/python3.11/site-packages/referencing/__init__.py", line 4, in <module>
    from referencing._core import Anchor, Registry, Resource, Specification
  File "/media/apps/avx512-2021/software/jupyter-server/2.7.2-GCCcore-12.3.0/lib/python3.11/site-packages/referencing/_core.py", line 8, in <module>
    from rpds import HashTrieMap, HashTrieSet, List
  File "/media/apps/avx512-2021/software/jupyter-server/2.7.2-GCCcore-12.3.0/lib/python3.11/site-packages/rpds/__init__.py", line 1, in <module>
    from .rpds import *
ModuleNotFoundError: No module named 'rpds.rpds'
Procesando el cuaderno para extraer log.csv y el resumen/accuracy...
Error leyendo el notebook ejecutado: [Errno 2] No such file or directory: 'src/experiments/results/tcn_parkinson_20260509_202841/tcn_parkinson_ejecutado.ipynb'
Trabajo finalizado.
